20:43:07.323 [main] INFO  events - Miranda starting up
20:43:07.325 [main] INFO  events - message log, messages.log, exists
20:43:07.325 [main] INFO  events - Recovering
20:43:57.417 [main] INFO  events - Miranda starting up
20:43:57.419 [main] INFO  events - message log, messages.log, exists
20:43:57.419 [main] INFO  events - Recovering
20:43:57.576 [main] INFO  events - Trying to connect to other nodes
20:44:55.506 [main] INFO  events - Miranda starting up
20:44:55.668 [main] INFO  events - Trying to connect to other nodes
10:33:51.989 [main] INFO  events - Miranda starting up
10:33:52.149 [main] INFO  events - Trying to connect to other nodes
10:33:52.188 [main] INFO  events - connected to 192.168.0.12:2020
10:34:06.610 [server-29] INFO  events - new message(10dac899-57f3-4b68-9404-59e5ad45a566) received to http://localhost:8080
10:34:06.980 [server-29] INFO  events - new message(9c0871b5-1974-493b-a5fa-2ac46386b2a8) received to http://localhost:8080
10:34:07.033 [server-29] INFO  events - new message(9d41fcc3-ab9d-4edc-810a-9ef00297e09b) received to http://localhost:8080
10:34:07.086 [server-29] INFO  events - new message(366b3ec5-b1b1-4a1b-8678-acce321a1c82) received to http://localhost:8080
10:34:07.134 [server-29] INFO  events - new message(a612e75a-e478-4739-b7f9-ea4b54b094b1) received to http://localhost:8080
10:34:07.187 [server-29] INFO  events - new message(c50a609a-05d2-408c-ab34-d56572ca4de8) received to http://localhost:8080
10:34:07.233 [server-29] INFO  events - new message(e497104c-2082-45dc-a374-71f17bf0b47f) received to http://localhost:8080
10:34:07.285 [server-29] INFO  events - new message(bc27959c-9dae-4987-bea6-9b187110365e) received to http://localhost:8080
10:34:07.338 [server-29] INFO  events - new message(cd190d6c-beb5-4811-9807-78ee6bb27ae2) received to http://localhost:8080
10:34:07.384 [server-29] INFO  events - new message(60d80fd4-6694-44a8-bb49-cec48ef7cf21) received to http://localhost:8080
10:34:07.427 [server-29] INFO  events - new message(ca1d0485-7ecc-4a54-8b67-a9fdc556184c) received to http://localhost:8080
10:34:07.472 [server-29] INFO  events - new message(a0bfbebf-b3ef-4965-a38b-0752b9d38321) received to http://localhost:8080
10:34:07.516 [server-29] INFO  events - new message(b1636a6d-5642-43e0-a89f-24f92c8a994f) received to http://localhost:8080
10:34:07.558 [server-29] INFO  events - new message(0939f068-4477-4cbf-a433-fa2a5b29d530) received to http://localhost:8080
10:34:07.600 [server-29] INFO  events - new message(e38309ad-8697-4a12-aed5-dc9f531aacce) received to http://localhost:8080
10:34:07.646 [server-29] INFO  events - new message(abbbe415-c06f-4662-8038-d6cd1d9dce35) received to http://localhost:8080
10:34:07.689 [server-29] INFO  events - new message(234c4100-532e-4f3d-8ea1-a3937504346f) received to http://localhost:8080
10:34:07.733 [server-29] INFO  events - new message(636c1f16-849c-4991-94e5-08597e9d93eb) received to http://localhost:8080
10:34:07.779 [server-29] INFO  events - new message(4a178bc8-0ba1-4ed6-8fe6-a899b59ee1d7) received to http://localhost:8080
10:34:07.819 [server-29] INFO  events - new message(e1d635a6-4489-47d2-9d50-8a2844e6f4be) received to http://localhost:8080
10:34:07.861 [server-29] INFO  events - new message(3492d17e-f593-47da-8891-b9d0e8976743) received to http://localhost:8080
10:34:07.903 [server-29] INFO  events - new message(897b1285-7e6e-4bfd-920d-e5984422b3e6) received to http://localhost:8080
10:34:07.955 [server-29] INFO  events - new message(ec03cb9a-787e-42dd-bdf8-1820374f815a) received to http://localhost:8080
10:34:07.996 [server-29] INFO  events - new message(998e1636-5d2a-49c2-987b-be4326386a2c) received to http://localhost:8080
10:34:08.037 [server-29] INFO  events - new message(553b8790-00e9-4f87-8138-dccd22cc97e5) received to http://localhost:8080
10:34:08.079 [server-29] INFO  events - new message(7127bbb5-cb7d-45db-84f1-e2469c35272a) received to http://localhost:8080
10:34:08.120 [server-29] INFO  events - new message(baf171c0-4e84-442c-aa64-41774b98571f) received to http://localhost:8080
10:34:08.162 [server-29] INFO  events - new message(34fcece8-dfb0-4182-a03f-e286b7d0df5d) received to http://localhost:8080
10:34:08.204 [server-29] INFO  events - new message(5b02154d-4d44-4bd5-acd9-ace9b53ca7ac) received to http://localhost:8080
10:34:32.732 [main] INFO  events - Miranda starting up
10:34:32.734 [main] INFO  events - message log, messages.log, exists
10:34:32.734 [main] INFO  events - Recovering
10:34:32.894 [main] INFO  events - Trying to connect to other nodes
10:34:32.933 [main] INFO  events - connected to 192.168.0.12:2020
10:38:50.430 [main] INFO  events - Miranda starting up
10:38:50.614 [main] INFO  events - Trying to connect to other nodes
10:38:50.652 [main] INFO  events - connected to 192.168.0.12:2020
10:39:57.799 [main] INFO  events - Miranda starting up
10:39:57.801 [main] INFO  events - message log, messages.log, exists
10:39:57.802 [main] INFO  events - Recovering
10:39:57.963 [main] INFO  events - Trying to connect to other nodes
10:39:58.027 [main] INFO  events - connected to 192.168.0.12:2020
10:41:45.927 [main] INFO  events - Miranda starting up
10:41:45.929 [main] INFO  events - message log, messages.log, exists
10:41:45.929 [main] INFO  events - Recovering
10:42:41.223 [main] INFO  events - Miranda starting up
10:42:41.225 [main] INFO  events - message log, messages.log, exists
10:42:41.226 [main] INFO  events - Recovering
10:42:41.390 [main] INFO  events - Trying to connect to other nodes
10:42:41.477 [main] INFO  events - connected to 192.168.0.12:2020
10:45:05.388 [main] INFO  events - Miranda starting up
10:45:05.392 [main] INFO  events - message log, messages.log, exists
10:45:05.393 [main] INFO  events - Recovering
10:45:41.016 [main] INFO  events - Miranda starting up
10:45:41.019 [main] INFO  events - owner log, owners.log, exists
10:45:41.019 [main] INFO  events - Recovering
10:46:50.538 [main] INFO  events - Miranda starting up
10:46:50.540 [main] INFO  events - message log, messages.log, exists
10:46:50.540 [main] INFO  events - Recovering
10:48:11.039 [main] INFO  events - Trying to connect to other nodes
10:48:43.601 [main] INFO  events - connected to 192.168.0.12:2020
10:49:26.880 [main] INFO  events - Miranda starting up
10:49:26.883 [main] INFO  events - message log, messages.log, exists
10:49:26.883 [main] INFO  events - Recovering
10:49:38.120 [main] INFO  events - Trying to connect to other nodes
10:51:13.656 [main] INFO  events - connected to 192.168.0.12:2020
10:52:06.281 [main] INFO  events - Miranda starting up
10:52:06.283 [main] INFO  events - message log, messages.log, exists
10:52:06.283 [main] INFO  events - Recovering
10:52:19.399 [main] INFO  events - Trying to connect to other nodes
10:53:05.798 [main] INFO  events - connected to 192.168.0.12:2020
10:53:52.968 [main] INFO  events - Miranda starting up
10:53:52.970 [main] INFO  events - message log, messages.log, exists
10:53:52.970 [main] INFO  events - Recovering
10:54:05.863 [main] INFO  events - Trying to connect to other nodes
10:54:17.134 [main] INFO  events - connected to 192.168.0.12:2020
11:00:38.376 [main] INFO  events - Miranda starting up
11:00:38.378 [main] INFO  events - message log, messages.log, exists
11:00:38.379 [main] INFO  events - Recovering
11:00:54.580 [main] INFO  events - Trying to connect to other nodes
11:00:54.622 [main] INFO  events - connected to 192.168.0.12:2020
